<?xml version="1.0" encoding="UTF-8"?>
<!-- Generated by org.testng.reporters.JUnitReportReporter -->
<testsuite hostname="DESKTOP-M0CBG2S" failures="0" tests="9" name="testCase.TC_01" time="555.806" errors="0" timestamp="2023-09-02T15:14:05 IST" skipped="0">
  <testcase classname="testCase.TC_01" name="verifyLoginWithValidcredential" time="98.148"/>
  <testcase classname="testCase.TC_01" name="verifySearchBar" time="77.219"/>
  <testcase classname="testCase.TC_01" name="verifyMouseHover" time="104.381"/>
  <testcase classname="testCase.TC_01" name="verifyScrollDown" time="38.174"/>
  <testcase classname="testCase.TC_01" name="verifyScrollup" time="34.516"/>
  <testcase classname="testCase.TC_01" name="verifyScreenshot" time="44.355"/>
  <testcase classname="testCase.TC_01" name="verifyGetWindowHandle" time="57.902"/>
  <testcase classname="testCase.TC_01" name="verifyCookiesHandle" time="50.807"/>
  <testcase classname="testCase.TC_01" name="verifyBrokenLink" time="50.304"/>
</testsuite> <!-- testCase.TC_01 -->
